<?xml version="1.0" encoding="UTF-8"?>
<!-- Generated by org.testng.reporters.JUnitReportReporter -->
<testsuite hostname="DESKTOP-POQRCDG" failures="0" tests="1" name="aadyahome.website.Addtocart" time="7.635" errors="0" timestamp="2023-10-17T10:43:38 IST" skipped="0">
  <testcase classname="aadyahome.website.Addtocart" name="addToCartTest" time="7.635"/>
</testsuite> <!-- aadyahome.website.Addtocart -->
