<?xml version="1.0" encoding="UTF-8"?>
<!-- Generated by org.testng.reporters.JUnitReportReporter -->
<testsuite hostname="DESKTOP-POQRCDG" failures="0" tests="1" name="aadyahome.website.RemoveProductFromCart" time="12.201" errors="0" timestamp="2023-10-17T11:28:39 IST" skipped="0">
  <testcase classname="aadyahome.website.RemoveProductFromCart" name="removeProductFromCart" time="12.201"/>
</testsuite> <!-- aadyahome.website.RemoveProductFromCart -->
