<?xml version="1.0" encoding="UTF-8"?>
<!-- Generated by org.testng.reporters.JUnitReportReporter -->
<testsuite hostname="DESKTOP-POQRCDG" failures="0" tests="1" name="aadyahome.website.SearchingProduct" time="5.859" errors="0" timestamp="2023-10-17T09:59:29 IST" skipped="0">
  <testcase classname="aadyahome.website.SearchingProduct" name="navigateToAadyaWebsite" time="5.859"/>
</testsuite> <!-- aadyahome.website.SearchingProduct -->
