<?xml version="1.0" encoding="UTF-8"?>
<!-- Generated by org.testng.reporters.JUnitReportReporter -->
<testsuite hostname="DESKTOP-POQRCDG" failures="0" tests="1" name="aadyahome.website.Information" time="34.610" errors="0" timestamp="2023-10-17T17:04:59 IST" skipped="0">
  <testcase classname="aadyahome.website.Information" name="testShippingPage" time="34.610"/>
</testsuite> <!-- aadyahome.website.Information -->
